    Finished `dev` profile [unoptimized + debuginfo] target(s) in 0.17s
     Running `core/daemon/target/debug/autodev-daemon`
autodev-daemon listening on /Users/sanmws/Library/Application Support/com.sanmws.autodev/ipc/daemon.sock
/Users/sanmws/Documents/AI-AutoDev-Platform/scripts/dev-daemon-runner.sh: line 35: 16566 Terminated: 15          "$CARGO_BIN" run --manifest-path "$DAEMON_MANIFEST" 2>&1
     16567 Done                    | "$ROOT_DIR/scripts/log-router.sh" "$LOG_DIR" "$LOG_BASE"
/Users/sanmws/Documents/AI-AutoDev-Platform/scripts/dev-daemon-runner.sh: line 35: 33811 Terminated: 15          "$CARGO_BIN" run --manifest-path "$DAEMON_MANIFEST" 2>&1
     33812 Done                    | "$ROOT_DIR/scripts/log-router.sh" "$LOG_DIR" "$LOG_BASE"
/Users/sanmws/Documents/AI-AutoDev-Platform/scripts/dev-daemon-runner.sh: line 35: 38901 Terminated: 15          "$CARGO_BIN" run --manifest-path "$DAEMON_MANIFEST" 2>&1
     38902 Done                    | "$ROOT_DIR/scripts/log-router.sh" "$LOG_DIR" "$LOG_BASE"
awk: illegal byte sequence ×
 input record number 4, file 
 source line number 6
awk: calling undefined function systime
 input record number 1, file 
 source line number 3
awk: calling undefined function systime
 input record number 1, file 
 source line number 3
awk: calling undefined function systime
 input record number 1, file 
 source line number 3
